make --dry-run --keep-going --print-directory
make: Entering directory '/mnt/nfs/homes/tallal--/Project/hors42/cub3d'
mkdir -p build/objs/Cub3d/ ;mkdir -p build/deps/Cub3d/
make -s -C ./lib/
gcc -Iinclude -Ilib  -MT build/objs/Cub3d/cub3d.o -MMD -MP -MF build/deps/Cub3d/cub3d.Td -c -o build/objs/Cub3d/cub3d.o src/Cub3d/cub3d.c
sleep 0 ;mv -f build/deps/Cub3d/cub3d.Td build/deps/Cub3d/cub3d.d && touch build/objs/Cub3d/cub3d.o
mkdir -p build/objs/Cub3d/ ;mkdir -p build/deps/Cub3d/
make -s -C ./lib/
gcc -Iinclude -Ilib  -MT build/objs/Cub3d/dealkey.o -MMD -MP -MF build/deps/Cub3d/dealkey.Td -c -o build/objs/Cub3d/dealkey.o src/Cub3d/dealkey.c
sleep 0 ;mv -f build/deps/Cub3d/dealkey.Td build/deps/Cub3d/dealkey.d && touch build/objs/Cub3d/dealkey.o
mkdir -p build/objs/Cub3d/ ;mkdir -p build/deps/Cub3d/
 
make -s -C ./lib/
gcc -Iinclude -Ilib  -MT build/objs/Cub3d/free_tab.o -MMD -MP -MF build/deps/Cub3d/free_tab.Td -c -o build/objs/Cub3d/free_tab.o src/Cub3d/free_tab.c
sleep 0 ;mv -f build/deps/Cub3d/free_tab.Td build/deps/Cub3d/free_tab.d && touch build/objs/Cub3d/free_tab.o
mkdir -p build/objs/Cub3d/ ;mkdir -p build/deps/Cub3d/
make -s -C ./lib/
gcc -Iinclude -Ilib  -MT build/objs/Cub3d/ft_calloc.o -MMD -MP -MF build/deps/Cub3d/ft_calloc.Td -c -o build/objs/Cub3d/ft_calloc.o src/Cub3d/ft_calloc.c
sleep 0 ;mv -f build/deps/Cub3d/ft_calloc.Td build/deps/Cub3d/ft_calloc.d && touch build/objs/Cub3d/ft_calloc.o
mkdir -p build/objs/Cub3d/ ;mkdir -p build/deps/Cub3d/
make -s -C ./lib/
gcc -Iinclude -Ilib  -MT build/objs/Cub3d/ft_exit.o -MMD -MP -MF build/deps/Cub3d/ft_exit.Td -c -o build/objs/Cub3d/ft_exit.o src/Cub3d/ft_exit.c
sleep 0 ;mv -f build/deps/Cub3d/ft_exit.Td build/deps/Cub3d/ft_exit.d && touch build/objs/Cub3d/ft_exit.o
mkdir -p build/objs/Cub3d/ ;mkdir -p build/deps/Cub3d/
make -s -C ./lib/
gcc -Iinclude -Ilib  -MT build/objs/Cub3d/init_info.o -MMD -MP -MF build/deps/Cub3d/init_info.Td -c -o build/objs/Cub3d/init_info.o src/Cub3d/init_info.c
sleep 0 ;mv -f build/deps/Cub3d/init_info.Td build/deps/Cub3d/init_info.d && touch build/objs/Cub3d/init_info.o
mkdir -p build/objs/Cub3d/ ;mkdir -p build/deps/Cub3d/
make -s -C ./lib/
gcc -Iinclude -Ilib  -MT build/objs/Cub3d/parser.o -MMD -MP -MF build/deps/Cub3d/parser.Td -c -o build/objs/Cub3d/parser.o src/Cub3d/parser.c
sleep 0 ;mv -f build/deps/Cub3d/parser.Td build/deps/Cub3d/parser.d && touch build/objs/Cub3d/parser.o
mkdir -p build/objs/Cub3d/ ;mkdir -p build/deps/Cub3d/
make -s -C ./lib/
gcc -Iinclude -Ilib  -MT build/objs/Cub3d/position.o -MMD -MP -MF build/deps/Cub3d/position.Td -c -o build/objs/Cub3d/position.o src/Cub3d/position.c
sleep 0 ;mv -f build/deps/Cub3d/position.Td build/deps/Cub3d/position.d && touch build/objs/Cub3d/position.o
mkdir -p build/objs/Cub3d/ ;mkdir -p build/deps/Cub3d/
make -s -C ./lib/
gcc -Iinclude -Ilib  -MT build/objs/Cub3d/print_map.o -MMD -MP -MF build/deps/Cub3d/print_map.Td -c -o build/objs/Cub3d/print_map.o src/Cub3d/print_map.c
sleep 0 ;mv -f build/deps/Cub3d/print_map.Td build/deps/Cub3d/print_map.d && touch build/objs/Cub3d/print_map.o
mkdir -p build/objs/Cub3d/ ;mkdir -p build/deps/Cub3d/
make -s -C ./lib/
gcc -Iinclude -Ilib  -MT build/objs/Cub3d/raycasting.o -MMD -MP -MF build/deps/Cub3d/raycasting.Td -c -o build/objs/Cub3d/raycasting.o src/Cub3d/raycasting.c
sleep 0 ;mv -f build/deps/Cub3d/raycasting.Td build/deps/Cub3d/raycasting.d && touch build/objs/Cub3d/raycasting.o
mkdir -p build/objs/Cub3d/ ;mkdir -p build/deps/Cub3d/
make -s -C ./lib/
gcc -Iinclude -Ilib  -MT build/objs/Cub3d/render.o -MMD -MP -MF build/deps/Cub3d/render.Td -c -o build/objs/Cub3d/render.o src/Cub3d/render.c
sleep 0 ;mv -f build/deps/Cub3d/render.Td build/deps/Cub3d/render.d && touch build/objs/Cub3d/render.o
mkdir -p build/objs/Cub3d/ ;mkdir -p build/deps/Cub3d/
make -s -C ./lib/
gcc -Iinclude -Ilib  -MT build/objs/Cub3d/final_free.o -MMD -MP -MF build/deps/Cub3d/final_free.Td -c -o build/objs/Cub3d/final_free.o src/Cub3d/final_free.c
sleep 0 ;mv -f build/deps/Cub3d/final_free.Td build/deps/Cub3d/final_free.d && touch build/objs/Cub3d/final_free.o
mkdir -p build/objs/Cub3d/ ;mkdir -p build/deps/Cub3d/
make -s -C ./lib/
gcc -Iinclude -Ilib  -MT build/objs/Cub3d/next_wall.o -MMD -MP -MF build/deps/Cub3d/next_wall.Td -c -o build/objs/Cub3d/next_wall.o src/Cub3d/next_wall.c
sleep 0 ;mv -f build/deps/Cub3d/next_wall.Td build/deps/Cub3d/next_wall.d && touch build/objs/Cub3d/next_wall.o
mkdir -p build/objs/Minilibx/ ;mkdir -p build/deps/Minilibx/
make -s -C ./lib/
gcc -Iinclude -Ilib  -MT build/objs/Minilibx/fill_rect.o -MMD -MP -MF build/deps/Minilibx/fill_rect.Td -c -o build/objs/Minilibx/fill_rect.o src/Minilibx/fill_rect.c
sleep 0 ;mv -f build/deps/Minilibx/fill_rect.Td build/deps/Minilibx/fill_rect.d && touch build/objs/Minilibx/fill_rect.o
mkdir -p build/objs/Minilibx/ ;mkdir -p build/deps/Minilibx/
make -s -C ./lib/
gcc -Iinclude -Ilib  -MT build/objs/Minilibx/init.o -MMD -MP -MF build/deps/Minilibx/init.Td -c -o build/objs/Minilibx/init.o src/Minilibx/init.c
sleep 0 ;mv -f build/deps/Minilibx/init.Td build/deps/Minilibx/init.d && touch build/objs/Minilibx/init.o
gcc -o cub3d build/objs/Cub3d/cub3d.o build/objs/Cub3d/dealkey.o build/objs/Cub3d/free_tab.o build/objs/Cub3d/ft_calloc.o build/objs/Cub3d/ft_exit.o build/objs/Cub3d/init_info.o build/objs/Cub3d/parser.o build/objs/Cub3d/position.o build/objs/Cub3d/print_map.o build/objs/Cub3d/raycasting.o build/objs/Cub3d/render.o build/objs/Cub3d/final_free.o build/objs/Cub3d/next_wall.o build/objs/Minilibx/fill_rect.o build/objs/Minilibx/init.o -Iinclude -Ilib  -MT cub3d -MMD -MP -MF build/deps/.Td -lm -L./lib -lmlx -lX11 -lXext
make: Leaving directory '/mnt/nfs/homes/tallal--/Project/hors42/cub3d'
 
